[03:16:28] [ServerMain/WARN]: Did not find udev library in operating system. Some features may not work.
[03:16:33] [ServerMain/INFO]: Environment: Environment[sessionHost=https://sessionserver.mojang.com, servicesHost=https://api.minecraftservices.com, profilesHost=https://api.mojang.com, name=PROD]
[03:16:36] [ServerMain/INFO]: Loaded 1470 recipes
[03:16:36] [ServerMain/INFO]: Loaded 1584 advancements
[03:16:36] [Server thread/INFO]: Starting minecraft server version 1.21.11
[03:16:36] [Server thread/INFO]: Loading properties
[03:16:36] [Server thread/INFO]: Default game type: SURVIVAL
[03:16:36] [Server thread/INFO]: Generating keypair
[03:16:37] [Server thread/INFO]: Starting Minecraft server on 0.0.0.0:25565
[03:16:37] [Server thread/INFO]: Preparing level "world"
[03:16:38] [Server thread/INFO]: Loading 0 persistent chunks...
[03:16:38] [Server thread/INFO]: Preparing spawn area: 100%
[03:16:38] [Server thread/INFO]: Time elapsed: 13 ms
[03:16:38] [Server thread/INFO]: Done (0.684s)! For help, type "help"
[03:16:39] [User Authenticator #1/INFO]: UUID of player deinfreundnl is a280158a-538d-4b93-a47e-5699dfc4a1ab
[03:16:40] [Server thread/INFO]: deinfreundnl[/172.18.0.1:43632] logged in with entity id 51 at (47.36932564465177, 63.0, 64.18307373767327)
[03:16:40] [Server thread/INFO]: deinfreundnl joined the game
[03:21:38] [Server thread/ERROR]: Failed to rename
java.nio.file.AccessDeniedException: ./world/playerdata/a280158a-538d-4b93-a47e-5699dfc4a1ab-7457504840219177181.dat -> ./world/playerdata/a280158a-538d-4b93-a47e-5699dfc4a1ab.dat
	at java.base/sun.nio.fs.UnixException.translateToIOException(Unknown Source)
	at java.base/sun.nio.fs.UnixException.rethrowAsIOException(Unknown Source)
	at java.base/sun.nio.fs.UnixFileSystem.move(Unknown Source)
	at java.base/sun.nio.fs.UnixFileSystemProvider.move(Unknown Source)
	at java.base/java.nio.file.Files.move(Unknown Source)
	at bhs$7.getAsBoolean(SourceFile:788)
	at bhs.a(SourceFile:853)
	at bhs.a(SourceFile:863)
	at bhs.a(SourceFile:895)
	at bhs.a(SourceFile:873)
	at fnl.a(SourceFile:45)
	at bbz.a(SourceFile:307)
	at bbz.h(SourceFile:635)
	at net.minecraft.server.MinecraftServer.b(SourceFile:652)
	at net.minecraft.server.MinecraftServer.bE(SourceFile:1059)
	at net.minecraft.server.MinecraftServer.a(SourceFile:1025)
	at ary.a(SourceFile:318)
	at net.minecraft.server.MinecraftServer.b(SourceFile:1049)
	at net.minecraft.server.MinecraftServer.A(SourceFile:771)
	at net.minecraft.server.MinecraftServer.a(SourceFile:301)
	at java.base/java.lang.Thread.run(Unknown Source)
[03:21:38] [Server thread/WARN]: Failed to execute rename ./world/playerdata/a280158a-538d-4b93-a47e-5699dfc4a1ab-7457504840219177181.dat to ./world/playerdata/a280158a-538d-4b93-a47e-5699dfc4a1ab.dat
[03:21:38] [Server thread/ERROR]: Failed to replace ./world/playerdata/a280158a-538d-4b93-a47e-5699dfc4a1ab.dat with ./world/playerdata/a280158a-538d-4b93-a47e-5699dfc4a1ab-7457504840219177181.dat, retrying 0/10
[03:21:38] [Server thread/ERROR]: Failed to rename
java.nio.file.AccessDeniedException: ./world/playerdata/a280158a-538d-4b93-a47e-5699dfc4a1ab-7457504840219177181.dat -> ./world/playerdata/a280158a-538d-4b93-a47e-5699dfc4a1ab.dat
	at java.base/sun.nio.fs.UnixException.translateToIOException(Unknown Source)
	at java.base/sun.nio.fs.UnixException.rethrowAsIOException(Unknown Source)
	at java.base/sun.nio.fs.UnixFileSystem.move(Unknown Source)
	at java.base/sun.nio.fs.UnixFileSystemProvider.move(Unknown Source)
	at java.base/java.nio.file.Files.move(Unknown Source)
	at bhs$7.getAsBoolean(SourceFile:788)
	at bhs.a(SourceFile:853)
	at bhs.a(SourceFile:863)
	at bhs.a(SourceFile:895)
	at bhs.a(SourceFile:873)
	at fnl.a(SourceFile:45)
	at bbz.a(SourceFile:307)
	at bbz.h(SourceFile:635)
	at net.minecraft.server.MinecraftServer.b(SourceFile:652)
	at net.minecraft.server.MinecraftServer.bE(SourceFile:1059)
	at net.minecraft.server.MinecraftServer.a(SourceFile:1025)
	at ary.a(SourceFile:318)
	at net.minecraft.server.MinecraftServer.b(SourceFile:1049)
	at net.minecraft.server.MinecraftServer.A(SourceFile:771)
	at net.minecraft.server.MinecraftServer.a(SourceFile:301)
	at java.base/java.lang.Thread.run(Unknown Source)
[03:21:38] [Server thread/WARN]: Failed to execute rename ./world/playerdata/a280158a-538d-4b93-a47e-5699dfc4a1ab-7457504840219177181.dat to ./world/playerdata/a280158a-538d-4b93-a47e-5699dfc4a1ab.dat
[03:21:38] [Server thread/ERROR]: Failed to replace ./world/playerdata/a280158a-538d-4b93-a47e-5699dfc4a1ab.dat with ./world/playerdata/a280158a-538d-4b93-a47e-5699dfc4a1ab-7457504840219177181.dat, retrying 1/10
[03:26:37] [Server thread/ERROR]: Failed to rename
java.nio.file.AccessDeniedException: ./world/playerdata/a280158a-538d-4b93-a47e-5699dfc4a1ab-2447189184315417963.dat -> ./world/playerdata/a280158a-538d-4b93-a47e-5699dfc4a1ab.dat
	at java.base/sun.nio.fs.UnixException.translateToIOException(Unknown Source)
	at java.base/sun.nio.fs.UnixException.rethrowAsIOException(Unknown Source)
	at java.base/sun.nio.fs.UnixFileSystem.move(Unknown Source)
	at java.base/sun.nio.fs.UnixFileSystemProvider.move(Unknown Source)
	at java.base/java.nio.file.Files.move(Unknown Source)
	at bhs$7.getAsBoolean(SourceFile:788)
	at bhs.a(SourceFile:853)
	at bhs.a(SourceFile:863)
	at bhs.a(SourceFile:895)
	at bhs.a(SourceFile:873)
	at fnl.a(SourceFile:45)
	at bbz.a(SourceFile:307)
	at bbz.h(SourceFile:635)
	at net.minecraft.server.MinecraftServer.b(SourceFile:652)
	at net.minecraft.server.MinecraftServer.bE(SourceFile:1059)
	at net.minecraft.server.MinecraftServer.a(SourceFile:1025)
	at ary.a(SourceFile:318)
	at net.minecraft.server.MinecraftServer.b(SourceFile:1049)
	at net.minecraft.server.MinecraftServer.A(SourceFile:771)
	at net.minecraft.server.MinecraftServer.a(SourceFile:301)
	at java.base/java.lang.Thread.run(Unknown Source)
[03:26:37] [Server thread/WARN]: Failed to execute rename ./world/playerdata/a280158a-538d-4b93-a47e-5699dfc4a1ab-2447189184315417963.dat to ./world/playerdata/a280158a-538d-4b93-a47e-5699dfc4a1ab.dat
[03:26:37] [Server thread/ERROR]: Failed to replace ./world/playerdata/a280158a-538d-4b93-a47e-5699dfc4a1ab.dat with ./world/playerdata/a280158a-538d-4b93-a47e-5699dfc4a1ab-2447189184315417963.dat, retrying 0/10
[03:31:37] [Server thread/ERROR]: Failed to rename
java.nio.file.AccessDeniedException: ./world/playerdata/a280158a-538d-4b93-a47e-5699dfc4a1ab-15126539013853582874.dat -> ./world/playerdata/a280158a-538d-4b93-a47e-5699dfc4a1ab.dat
	at java.base/sun.nio.fs.UnixException.translateToIOException(Unknown Source)
	at java.base/sun.nio.fs.UnixException.rethrowAsIOException(Unknown Source)
	at java.base/sun.nio.fs.UnixFileSystem.move(Unknown Source)
	at java.base/sun.nio.fs.UnixFileSystemProvider.move(Unknown Source)
	at java.base/java.nio.file.Files.move(Unknown Source)
	at bhs$7.getAsBoolean(SourceFile:788)
	at bhs.a(SourceFile:853)
	at bhs.a(SourceFile:863)
	at bhs.a(SourceFile:895)
	at bhs.a(SourceFile:873)
	at fnl.a(SourceFile:45)
	at bbz.a(SourceFile:307)
	at bbz.h(SourceFile:635)
	at net.minecraft.server.MinecraftServer.b(SourceFile:652)
	at net.minecraft.server.MinecraftServer.bE(SourceFile:1059)
	at net.minecraft.server.MinecraftServer.a(SourceFile:1025)
	at ary.a(SourceFile:318)
	at net.minecraft.server.MinecraftServer.b(SourceFile:1049)
	at net.minecraft.server.MinecraftServer.A(SourceFile:771)
	at net.minecraft.server.MinecraftServer.a(SourceFile:301)
	at java.base/java.lang.Thread.run(Unknown Source)
[03:31:37] [Server thread/WARN]: Failed to execute rename ./world/playerdata/a280158a-538d-4b93-a47e-5699dfc4a1ab-15126539013853582874.dat to ./world/playerdata/a280158a-538d-4b93-a47e-5699dfc4a1ab.dat
[03:31:37] [Server thread/ERROR]: Failed to replace ./world/playerdata/a280158a-538d-4b93-a47e-5699dfc4a1ab.dat with ./world/playerdata/a280158a-538d-4b93-a47e-5699dfc4a1ab-15126539013853582874.dat, retrying 0/10
[03:31:37] [Server thread/ERROR]: Failed to rename
java.nio.file.AccessDeniedException: ./world/playerdata/a280158a-538d-4b93-a47e-5699dfc4a1ab-15126539013853582874.dat -> ./world/playerdata/a280158a-538d-4b93-a47e-5699dfc4a1ab.dat
	at java.base/sun.nio.fs.UnixException.translateToIOException(Unknown Source)
	at java.base/sun.nio.fs.UnixException.rethrowAsIOException(Unknown Source)
	at java.base/sun.nio.fs.UnixFileSystem.move(Unknown Source)
	at java.base/sun.nio.fs.UnixFileSystemProvider.move(Unknown Source)
	at java.base/java.nio.file.Files.move(Unknown Source)
	at bhs$7.getAsBoolean(SourceFile:788)
	at bhs.a(SourceFile:853)
	at bhs.a(SourceFile:863)
	at bhs.a(SourceFile:895)
	at bhs.a(SourceFile:873)
	at fnl.a(SourceFile:45)
	at bbz.a(SourceFile:307)
	at bbz.h(SourceFile:635)
	at net.minecraft.server.MinecraftServer.b(SourceFile:652)
	at net.minecraft.server.MinecraftServer.bE(SourceFile:1059)
	at net.minecraft.server.MinecraftServer.a(SourceFile:1025)
	at ary.a(SourceFile:318)
	at net.minecraft.server.MinecraftServer.b(SourceFile:1049)
	at net.minecraft.server.MinecraftServer.A(SourceFile:771)
	at net.minecraft.server.MinecraftServer.a(SourceFile:301)
	at java.base/java.lang.Thread.run(Unknown Source)
[03:31:37] [Server thread/WARN]: Failed to execute rename ./world/playerdata/a280158a-538d-4b93-a47e-5699dfc4a1ab-15126539013853582874.dat to ./world/playerdata/a280158a-538d-4b93-a47e-5699dfc4a1ab.dat
[03:31:37] [Server thread/ERROR]: Failed to replace ./world/playerdata/a280158a-538d-4b93-a47e-5699dfc4a1ab.dat with ./world/playerdata/a280158a-538d-4b93-a47e-5699dfc4a1ab-15126539013853582874.dat, retrying 1/10
[03:36:37] [Server thread/ERROR]: Failed to rename
java.nio.file.AccessDeniedException: ./world/playerdata/a280158a-538d-4b93-a47e-5699dfc4a1ab-1749056101214833200.dat -> ./world/playerdata/a280158a-538d-4b93-a47e-5699dfc4a1ab.dat
	at java.base/sun.nio.fs.UnixException.translateToIOException(Unknown Source)
	at java.base/sun.nio.fs.UnixException.rethrowAsIOException(Unknown Source)
	at java.base/sun.nio.fs.UnixFileSystem.move(Unknown Source)
	at java.base/sun.nio.fs.UnixFileSystemProvider.move(Unknown Source)
	at java.base/java.nio.file.Files.move(Unknown Source)
	at bhs$7.getAsBoolean(SourceFile:788)
	at bhs.a(SourceFile:853)
	at bhs.a(SourceFile:863)
	at bhs.a(SourceFile:895)
	at bhs.a(SourceFile:873)
	at fnl.a(SourceFile:45)
	at bbz.a(SourceFile:307)
	at bbz.h(SourceFile:635)
	at net.minecraft.server.MinecraftServer.b(SourceFile:652)
	at net.minecraft.server.MinecraftServer.bE(SourceFile:1059)
	at net.minecraft.server.MinecraftServer.a(SourceFile:1025)
	at ary.a(SourceFile:318)
	at net.minecraft.server.MinecraftServer.b(SourceFile:1049)
	at net.minecraft.server.MinecraftServer.A(SourceFile:771)
	at net.minecraft.server.MinecraftServer.a(SourceFile:301)
	at java.base/java.lang.Thread.run(Unknown Source)
[03:36:37] [Server thread/WARN]: Failed to execute rename ./world/playerdata/a280158a-538d-4b93-a47e-5699dfc4a1ab-1749056101214833200.dat to ./world/playerdata/a280158a-538d-4b93-a47e-5699dfc4a1ab.dat
[03:36:37] [Server thread/ERROR]: Failed to replace ./world/playerdata/a280158a-538d-4b93-a47e-5699dfc4a1ab.dat with ./world/playerdata/a280158a-538d-4b93-a47e-5699dfc4a1ab-1749056101214833200.dat, retrying 0/10
[03:36:37] [Server thread/ERROR]: Failed to rename
java.nio.file.AccessDeniedException: ./world/playerdata/a280158a-538d-4b93-a47e-5699dfc4a1ab-1749056101214833200.dat -> ./world/playerdata/a280158a-538d-4b93-a47e-5699dfc4a1ab.dat
	at java.base/sun.nio.fs.UnixException.translateToIOException(Unknown Source)
	at java.base/sun.nio.fs.UnixException.rethrowAsIOException(Unknown Source)
	at java.base/sun.nio.fs.UnixFileSystem.move(Unknown Source)
	at java.base/sun.nio.fs.UnixFileSystemProvider.move(Unknown Source)
	at java.base/java.nio.file.Files.move(Unknown Source)
	at bhs$7.getAsBoolean(SourceFile:788)
	at bhs.a(SourceFile:853)
	at bhs.a(SourceFile:863)
	at bhs.a(SourceFile:895)
	at bhs.a(SourceFile:873)
	at fnl.a(SourceFile:45)
	at bbz.a(SourceFile:307)
	at bbz.h(SourceFile:635)
	at net.minecraft.server.MinecraftServer.b(SourceFile:652)
	at net.minecraft.server.MinecraftServer.bE(SourceFile:1059)
	at net.minecraft.server.MinecraftServer.a(SourceFile:1025)
	at ary.a(SourceFile:318)
	at net.minecraft.server.MinecraftServer.b(SourceFile:1049)
	at net.minecraft.server.MinecraftServer.A(SourceFile:771)
	at net.minecraft.server.MinecraftServer.a(SourceFile:301)
	at java.base/java.lang.Thread.run(Unknown Source)
[03:36:37] [Server thread/WARN]: Failed to execute rename ./world/playerdata/a280158a-538d-4b93-a47e-5699dfc4a1ab-1749056101214833200.dat to ./world/playerdata/a280158a-538d-4b93-a47e-5699dfc4a1ab.dat
[03:36:37] [Server thread/ERROR]: Failed to replace ./world/playerdata/a280158a-538d-4b93-a47e-5699dfc4a1ab.dat with ./world/playerdata/a280158a-538d-4b93-a47e-5699dfc4a1ab-1749056101214833200.dat, retrying 1/10
[03:41:16] [Server thread/INFO]: Stopping server
